<?xml version="1.0" encoding="UTF-8" ?>
<testsuite tests="9" failures="0" name="TestSuite" time="1.754" errors="0" skipped="0">
  <properties>
    <property name="java.runtime.name" value="OpenJDK Runtime Environment"/>
    <property name="java.vm.version" value="14.0.1+14"/>
    <property name="sun.boot.library.path" value="/usr/local/Cellar/openjdk/14.0.1/libexec/openjdk.jdk/Contents/Home/lib"/>
    <property name="maven.multiModuleProjectDirectory" value="/Users/vishnupatlolla/Downloads/restassured-master"/>
    <property name="java.vm.vendor" value="Oracle Corporation"/>
    <property name="java.vendor.url" value="https://openjdk.java.net/"/>
    <property name="guice.disable.misplaced.annotation.check" value="true"/>
    <property name="path.separator" value=":"/>
    <property name="java.vm.name" value="OpenJDK 64-Bit Server VM"/>
    <property name="user.country" value="CA"/>
    <property name="sun.java.launcher" value="SUN_STANDARD"/>
    <property name="java.vm.specification.name" value="Java Virtual Machine Specification"/>
    <property name="user.dir" value="/Users/vishnupatlolla/Downloads/restassured-master"/>
    <property name="java.vm.compressedOopsMode" value="Zero based"/>
    <property name="java.runtime.version" value="14.0.1+14"/>
    <property name="os.arch" value="x86_64"/>
    <property name="java.io.tmpdir" value="/var/folders/k4/5mn783j54l341vy17xjg9qxw0000gn/T/"/>
    <property name="line.separator" value="
"/>
    <property name="java.vm.specification.vendor" value="Oracle Corporation"/>
    <property name="os.name" value="Mac OS X"/>
    <property name="classworlds.conf" value="/usr/local/Cellar/maven/3.6.3_1/libexec/bin/m2.conf"/>
    <property name="sun.jnu.encoding" value="UTF-8"/>
    <property name="java.library.path" value="/Users/vishnupatlolla/Library/Java/Extensions:/Library/Java/Extensions:/Network/Library/Java/Extensions:/System/Library/Java/Extensions:/usr/lib/java:."/>
    <property name="maven.conf" value="/usr/local/Cellar/maven/3.6.3_1/libexec/conf"/>
    <property name="jdk.debug" value="release"/>
    <property name="java.class.version" value="58.0"/>
    <property name="java.specification.name" value="Java Platform API Specification"/>
    <property name="sun.management.compiler" value="HotSpot 64-Bit Tiered Compilers"/>
    <property name="os.version" value="10.15.6"/>
    <property name="library.jansi.path" value="/usr/local/Cellar/maven/3.6.3_1/libexec/lib/jansi-native"/>
    <property name="http.nonProxyHosts" value="local|*.local|169.254/16|*.169.254/16"/>
    <property name="user.home" value="/Users/vishnupatlolla"/>
    <property name="user.timezone" value="America/Vancouver"/>
    <property name="file.encoding" value="UTF-8"/>
    <property name="java.specification.version" value="14"/>
    <property name="user.name" value="vishnupatlolla"/>
    <property name="java.class.path" value="/usr/local/Cellar/maven/3.6.3_1/libexec/boot/plexus-classworlds-2.6.0.jar"/>
    <property name="java.vm.specification.version" value="14"/>
    <property name="sun.arch.data.model" value="64"/>
    <property name="sun.java.command" value="org.codehaus.plexus.classworlds.launcher.Launcher clean test"/>
    <property name="java.home" value="/usr/local/Cellar/openjdk/14.0.1/libexec/openjdk.jdk/Contents/Home"/>
    <property name="user.language" value="en"/>
    <property name="java.specification.vendor" value="Oracle Corporation"/>
    <property name="java.vm.info" value="mixed mode, sharing"/>
    <property name="java.version" value="14.0.1"/>
    <property name="java.vendor" value="N/A"/>
    <property name="maven.home" value="/usr/local/Cellar/maven/3.6.3_1/libexec"/>
    <property name="file.separator" value="/"/>
    <property name="java.version.date" value="2020-04-14"/>
    <property name="java.vendor.url.bug" value="https://bugreport.java.com/bugreport/"/>
    <property name="sun.io.unicode.encoding" value="UnicodeBig"/>
    <property name="sun.cpu.endian" value="little"/>
    <property name="socksNonProxyHosts" value="local|*.local|169.254/16|*.169.254/16"/>
    <property name="ftp.nonProxyHosts" value="local|*.local|169.254/16|*.169.254/16"/>
  </properties>
  <testcase classname="producttests.AddProductTest" name="createNewProduct" time="1.296"/>
  <testcase classname="producttests.DeleteProductTest" name="deleteInvalidSpecificProduct" time="0.048"/>
  <testcase classname="producttests.DeleteProductTest" name="deleteValidSpecificProduct" time="0.044"/>
  <testcase classname="producttests.GetProductTest" name="getInvalidSpecificProduct" time="0.044"/>
  <testcase classname="producttests.GetProductTest" name="getValidSpecificProduct" time="0.028"/>
  <testcase classname="producttests.GetProductsTest" name="getAllProducts" time="0.197"/>
  <testcase classname="producttests.UpdateProductTest" name="updateInValidProduct" time="0.03"/>
  <testcase classname="producttests.UpdateProductTest" name="updateValidSpecificProduct" time="0.04"/>
  <testcase classname="producttests.UpdateProductTest" name="updateWithInValidProductBody" time="0.027"/>
</testsuite>