<?xml version="1.0" encoding="UTF-8"?>
<!-- Generated by org.testng.reporters.JUnitReportReporter -->
<testsuite hostname="MacBook-Pro.local" failures="0" tests="2" name="producttests.DeleteProductTest" time="0.092" errors="0" timestamp="24 Jul. 2020 04:55:33 GMT" skipped="0">
  <testcase classname="producttests.DeleteProductTest" name="deleteValidSpecificProduct" time="0.044"/>
  <testcase classname="producttests.DeleteProductTest" name="deleteInvalidSpecificProduct" time="0.048"/>
</testsuite> <!-- producttests.DeleteProductTest -->
