<?xml version="1.0" encoding="UTF-8"?>
<!-- Generated by org.testng.reporters.JUnitReportReporter -->
<testsuite hostname="MacBook-Pro.local" failures="0" tests="3" name="producttests.UpdateProductTest" time="0.095" errors="0" timestamp="24 Jul. 2020 04:55:33 GMT" skipped="0">
  <testcase classname="producttests.UpdateProductTest" name="updateValidSpecificProduct" time="0.040"/>
  <testcase classname="producttests.UpdateProductTest" name="updateInValidProduct" time="0.029"/>
  <testcase classname="producttests.UpdateProductTest" name="updateWithInValidProductBody" time="0.026"/>
</testsuite> <!-- producttests.UpdateProductTest -->
