<?xml version="1.0" encoding="UTF-8"?>
<!-- Generated by org.testng.reporters.JUnitReportReporter -->
<testsuite hostname="MacBook-Pro.local" failures="0" tests="1" name="producttests.GetProductsTest" time="0.198" errors="0" timestamp="24 Jul. 2020 04:55:33 GMT" skipped="0">
  <testcase classname="producttests.GetProductsTest" name="getAllProducts" time="0.198"/>
</testsuite> <!-- producttests.GetProductsTest -->
