<?xml version="1.0" encoding="UTF-8"?>
<!-- Generated by org.testng.reporters.JUnitReportReporter -->
<testsuite hostname="MacBook-Pro.local" failures="0" tests="2" name="producttests.GetProductTest" time="0.071" errors="0" timestamp="24 Jul. 2020 04:55:33 GMT" skipped="0">
  <testcase classname="producttests.GetProductTest" name="getInvalidSpecificProduct" time="0.043"/>
  <testcase classname="producttests.GetProductTest" name="getValidSpecificProduct" time="0.028"/>
</testsuite> <!-- producttests.GetProductTest -->
