<?xml version="1.0" encoding="UTF-8"?>
<!-- Generated by org.testng.reporters.JUnitReportReporter -->
<testsuite hostname="MacBook-Pro.local" failures="0" tests="1" name="producttests.AddProductTest" time="1.294" errors="0" timestamp="24 Jul. 2020 04:55:33 GMT" skipped="0">
  <testcase classname="producttests.AddProductTest" name="createNewProduct" time="1.294"/>
</testsuite> <!-- producttests.AddProductTest -->
